[Mon, 09 Apr 18 00:55:14 +0700][ERROR] [2]: EditController handler class cannot be loaded

[Mon, 09 Apr 18 00:57:33 +0700][ERROR] [2]: EditController handler class cannot be loaded

[Mon, 09 Apr 18 00:57:39 +0700][ERROR] [2]: EditController handler class cannot be loaded

[Mon, 09 Apr 18 00:57:59 +0700][ERROR] [2]: EditController handler class cannot be loaded

[Mon, 09 Apr 18 00:58:31 +0700][ERROR] [2]: EditController handler class cannot be loaded

[Mon, 09 Apr 18 01:13:01 +0700][ERROR] [2]: ImgController handler class cannot be loaded

[Mon, 09 Apr 18 01:13:26 +0700][ERROR] [2]: ImgController handler class cannot be loaded

[Mon, 09 Apr 18 01:13:28 +0700][ERROR] [2]: ImgController handler class cannot be loaded

[Mon, 09 Apr 18 01:34:23 +0700][ERROR] [2]: VendorController handler class cannot be loaded

[Mon, 09 Apr 18 01:34:41 +0700][ERROR] [2]: VendorController handler class cannot be loaded

[Mon, 09 Apr 18 01:37:47 +0700][ERROR] [2]: VendorController handler class cannot be loaded

[Mon, 09 Apr 18 01:37:47 +0700][ERROR] [2]: VendorController handler class cannot be loaded

[Mon, 09 Apr 18 01:38:03 +0700][ERROR] [2]: VendorController handler class cannot be loaded

[Mon, 09 Apr 18 01:38:57 +0700][ERROR] [2]: JsController handler class cannot be loaded

[Mon, 09 Apr 18 01:38:57 +0700][ERROR] [2]: JsController handler class cannot be loaded

[Mon, 09 Apr 18 01:42:14 +0700][ERROR] [2]: VendorController handler class cannot be loaded

[Mon, 09 Apr 18 01:42:14 +0700][ERROR] [2]: VendorController handler class cannot be loaded

[Mon, 09 Apr 18 01:42:15 +0700][ERROR] [2]: VendorController handler class cannot be loaded

[Mon, 09 Apr 18 01:42:15 +0700][ERROR] [2]: VendorController handler class cannot be loaded

[Mon, 09 Apr 18 01:42:17 +0700][ERROR] [2]: VendorController handler class cannot be loaded

[Mon, 09 Apr 18 01:42:17 +0700][ERROR] [2]: VendorController handler class cannot be loaded

[Mon, 09 Apr 18 13:40:19 +0700][ERROR] [2]: CssController handler class cannot be loaded

[Mon, 09 Apr 18 13:40:19 +0700][ERROR] [2]: CssController handler class cannot be loaded

[Mon, 09 Apr 18 13:41:35 +0700][ERROR] [2]: CssController handler class cannot be loaded

[Mon, 09 Apr 18 13:41:35 +0700][ERROR] [2]: CssController handler class cannot be loaded

[Mon, 09 Apr 18 13:48:15 +0700][ERROR] [2]: CssController handler class cannot be loaded

[Mon, 09 Apr 18 13:48:16 +0700][ERROR] [2]: CssController handler class cannot be loaded

[Mon, 09 Apr 18 13:48:16 +0700][ERROR] [2]: CssController handler class cannot be loaded

[Mon, 09 Apr 18 13:51:28 +0700][ERROR] [2]: CssController handler class cannot be loaded

[Mon, 09 Apr 18 13:51:30 +0700][ERROR] [2]: CssController handler class cannot be loaded

[Mon, 09 Apr 18 13:51:30 +0700][ERROR] [2]: CssController handler class cannot be loaded

[Mon, 09 Apr 18 13:51:30 +0700][ERROR] [2]: CssController handler class cannot be loaded

[Mon, 09 Apr 18 13:57:17 +0700][ERROR] [2]: CssController handler class cannot be loaded

[Mon, 09 Apr 18 13:57:18 +0700][ERROR] [2]: CssController handler class cannot be loaded

[Mon, 09 Apr 18 13:57:44 +0700][ERROR] [2]: ImagesController handler class cannot be loaded

[Mon, 09 Apr 18 13:59:04 +0700][ERROR] [2]: CssController handler class cannot be loaded

[Mon, 09 Apr 18 13:59:04 +0700][ERROR] [2]: CssController handler class cannot be loaded

[Mon, 09 Apr 18 13:59:04 +0700][ERROR] [2]: ImagesController handler class cannot be loaded

[Mon, 09 Apr 18 13:59:05 +0700][ERROR] [2]: CssController handler class cannot be loaded

[Mon, 09 Apr 18 13:59:05 +0700][ERROR] [2]: ImagesController handler class cannot be loaded

[Mon, 09 Apr 18 13:59:08 +0700][ERROR] [2]: CssController handler class cannot be loaded

[Mon, 09 Apr 18 13:59:08 +0700][ERROR] [2]: CssController handler class cannot be loaded

[Mon, 09 Apr 18 13:59:08 +0700][ERROR] [2]: CssController handler class cannot be loaded

[Mon, 09 Apr 18 13:59:08 +0700][ERROR] [2]: ImagesController handler class cannot be loaded

[Mon, 09 Apr 18 13:59:08 +0700][ERROR] [2]: CssController handler class cannot be loaded

[Mon, 09 Apr 18 13:59:08 +0700][ERROR] [2]: CssController handler class cannot be loaded

[Mon, 09 Apr 18 13:59:08 +0700][ERROR] [2]: CssController handler class cannot be loaded

[Mon, 09 Apr 18 13:59:08 +0700][ERROR] [2]: ImagesController handler class cannot be loaded

[Mon, 09 Apr 18 13:59:46 +0700][ERROR] [2]: CssController handler class cannot be loaded

[Mon, 09 Apr 18 13:59:46 +0700][ERROR] [2]: CssController handler class cannot be loaded

[Mon, 09 Apr 18 14:01:39 +0700][ERROR] [2]: CssController handler class cannot be loaded

[Mon, 09 Apr 18 14:01:39 +0700][ERROR] [2]: CssController handler class cannot be loaded

[Mon, 09 Apr 18 14:01:48 +0700][ERROR] [2]: CssController handler class cannot be loaded

[Mon, 09 Apr 18 14:01:48 +0700][ERROR] [2]: CssController handler class cannot be loaded

[Mon, 09 Apr 18 14:01:49 +0700][ERROR] [2]: CssController handler class cannot be loaded

[Mon, 09 Apr 18 14:01:49 +0700][ERROR] [2]: CssController handler class cannot be loaded

[Mon, 09 Apr 18 14:02:35 +0700][ERROR] [2]: CssController handler class cannot be loaded

[Mon, 09 Apr 18 14:02:35 +0700][ERROR] [2]: CssController handler class cannot be loaded

[Mon, 09 Apr 18 14:02:36 +0700][ERROR] [2]: CssController handler class cannot be loaded

[Mon, 09 Apr 18 14:02:36 +0700][ERROR] [2]: CssController handler class cannot be loaded

[Mon, 09 Apr 18 14:02:39 +0700][ERROR] [2]: CssController handler class cannot be loaded

[Mon, 09 Apr 18 14:02:39 +0700][ERROR] [2]: CssController handler class cannot be loaded

[Mon, 09 Apr 18 14:02:51 +0700][ERROR] [2]: CssController handler class cannot be loaded

[Mon, 09 Apr 18 14:02:51 +0700][ERROR] [2]: CssController handler class cannot be loaded

[Mon, 09 Apr 18 14:03:54 +0700][ERROR] [2]: CssController handler class cannot be loaded

[Mon, 09 Apr 18 14:03:54 +0700][ERROR] [2]: CssController handler class cannot be loaded

[Mon, 09 Apr 18 14:04:03 +0700][ERROR] [2]: ImagesController handler class cannot be loaded

[Mon, 09 Apr 18 14:04:08 +0700][ERROR] [2]: ImagesController handler class cannot be loaded

[Mon, 09 Apr 18 14:05:25 +0700][ERROR] [2]: CssController handler class cannot be loaded

[Mon, 09 Apr 18 14:05:25 +0700][ERROR] [2]: CssController handler class cannot be loaded

[Mon, 09 Apr 18 14:05:29 +0700][ERROR] [2]: CssController handler class cannot be loaded

[Mon, 09 Apr 18 14:05:42 +0700][ERROR] [2]: CssController handler class cannot be loaded

[Mon, 09 Apr 18 14:05:42 +0700][ERROR] [2]: CssController handler class cannot be loaded

[Mon, 09 Apr 18 14:05:52 +0700][ERROR] [2]: CssController handler class cannot be loaded

[Mon, 09 Apr 18 14:05:52 +0700][ERROR] [2]: CssController handler class cannot be loaded

[Mon, 09 Apr 18 14:05:53 +0700][ERROR] [2]: CssController handler class cannot be loaded

[Mon, 09 Apr 18 14:05:53 +0700][ERROR] [2]: CssController handler class cannot be loaded

[Mon, 09 Apr 18 14:05:53 +0700][ERROR] [2]: CssController handler class cannot be loaded

[Mon, 09 Apr 18 14:05:56 +0700][ERROR] [2]: CssController handler class cannot be loaded

[Mon, 09 Apr 18 14:05:56 +0700][ERROR] [2]: CssController handler class cannot be loaded

[Mon, 09 Apr 18 14:06:00 +0700][ERROR] [2]: CssController handler class cannot be loaded

[Mon, 09 Apr 18 14:06:23 +0700][ERROR] [2]: CssController handler class cannot be loaded

[Mon, 09 Apr 18 14:06:23 +0700][ERROR] [2]: CssController handler class cannot be loaded

[Mon, 09 Apr 18 14:09:27 +0700][ERROR] [2]: CssController handler class cannot be loaded

[Mon, 09 Apr 18 14:09:27 +0700][ERROR] [2]: CssController handler class cannot be loaded

[Mon, 09 Apr 18 14:11:17 +0700][ERROR] [2]: CssController handler class cannot be loaded

[Mon, 09 Apr 18 14:11:17 +0700][ERROR] [2]: CssController handler class cannot be loaded

[Mon, 09 Apr 18 14:12:02 +0700][ERROR] [2]: CssController handler class cannot be loaded

[Mon, 09 Apr 18 14:12:02 +0700][ERROR] [2]: CssController handler class cannot be loaded

[Mon, 09 Apr 18 14:12:02 +0700][ERROR] [2]: CssController handler class cannot be loaded

[Mon, 09 Apr 18 14:12:02 +0700][ERROR] [2]: CssController handler class cannot be loaded

[Mon, 09 Apr 18 14:12:26 +0700][ERROR] [2]: CssController handler class cannot be loaded

[Mon, 09 Apr 18 14:12:26 +0700][ERROR] [2]: CssController handler class cannot be loaded

[Mon, 09 Apr 18 14:12:42 +0700][ERROR] [2]: CssController handler class cannot be loaded

[Mon, 09 Apr 18 14:12:42 +0700][ERROR] [2]: CssController handler class cannot be loaded

[Mon, 09 Apr 18 14:12:56 +0700][ERROR] [2]: CssController handler class cannot be loaded

[Mon, 09 Apr 18 14:12:56 +0700][ERROR] [2]: CssController handler class cannot be loaded

[Mon, 09 Apr 18 14:12:57 +0700][ERROR] [2]: CssController handler class cannot be loaded

[Mon, 09 Apr 18 14:12:57 +0700][ERROR] [2]: CssController handler class cannot be loaded

[Mon, 09 Apr 18 14:12:58 +0700][ERROR] [2]: CssController handler class cannot be loaded

[Mon, 09 Apr 18 14:12:58 +0700][ERROR] [2]: CssController handler class cannot be loaded

[Mon, 09 Apr 18 14:12:58 +0700][ERROR] [2]: CssController handler class cannot be loaded

[Mon, 09 Apr 18 14:14:05 +0700][ERROR] [2]: ImagesController handler class cannot be loaded

[Mon, 09 Apr 18 14:15:08 +0700][ERROR] [2]: ImagesController handler class cannot be loaded

[Mon, 09 Apr 18 14:15:09 +0700][ERROR] [2]: ImagesController handler class cannot be loaded

[Mon, 09 Apr 18 14:17:16 +0700][ERROR] [2]: CssController handler class cannot be loaded

[Mon, 09 Apr 18 14:17:16 +0700][ERROR] [2]: CssController handler class cannot be loaded

[Mon, 09 Apr 18 14:20:27 +0700][ERROR] [2]: ImagesController handler class cannot be loaded

[Mon, 09 Apr 18 14:21:43 +0700][ERROR] [2]: CssController handler class cannot be loaded

[Mon, 09 Apr 18 14:21:43 +0700][ERROR] [2]: CssController handler class cannot be loaded

[Mon, 09 Apr 18 14:21:51 +0700][ERROR] [2]: CssController handler class cannot be loaded

[Mon, 09 Apr 18 14:21:51 +0700][ERROR] [2]: CssController handler class cannot be loaded

[Mon, 09 Apr 18 14:22:04 +0700][ERROR] [2]: CssController handler class cannot be loaded

[Mon, 09 Apr 18 14:22:04 +0700][ERROR] [2]: CssController handler class cannot be loaded

[Mon, 09 Apr 18 14:22:25 +0700][ERROR] [2]: CssController handler class cannot be loaded

[Mon, 09 Apr 18 14:22:25 +0700][ERROR] [2]: CssController handler class cannot be loaded

[Mon, 09 Apr 18 14:23:39 +0700][ERROR] [2]: CssController handler class cannot be loaded

[Mon, 09 Apr 18 14:23:39 +0700][ERROR] [2]: CssController handler class cannot be loaded

[Mon, 09 Apr 18 14:25:55 +0700][ERROR] [2]: CssController handler class cannot be loaded

[Mon, 09 Apr 18 14:25:55 +0700][ERROR] [2]: CssController handler class cannot be loaded

[Mon, 09 Apr 18 14:26:02 +0700][ERROR] [2]: CssController handler class cannot be loaded

[Mon, 09 Apr 18 14:26:02 +0700][ERROR] [2]: CssController handler class cannot be loaded

[Mon, 09 Apr 18 14:30:44 +0700][ERROR] [2]: CssController handler class cannot be loaded

[Mon, 09 Apr 18 14:30:44 +0700][ERROR] [2]: CssController handler class cannot be loaded

[Mon, 09 Apr 18 14:31:29 +0700][ERROR] [2]: CssController handler class cannot be loaded

[Mon, 09 Apr 18 14:31:29 +0700][ERROR] [2]: CssController handler class cannot be loaded

[Mon, 09 Apr 18 14:32:46 +0700][ERROR] [2]: CssController handler class cannot be loaded

[Mon, 09 Apr 18 14:32:46 +0700][ERROR] [2]: CssController handler class cannot be loaded

[Mon, 09 Apr 18 14:32:55 +0700][ERROR] [2]: CssController handler class cannot be loaded

[Mon, 09 Apr 18 14:32:55 +0700][ERROR] [2]: CssController handler class cannot be loaded

[Mon, 09 Apr 18 14:32:58 +0700][ERROR] [2]: CssController handler class cannot be loaded

[Mon, 09 Apr 18 14:32:58 +0700][ERROR] [2]: CssController handler class cannot be loaded

[Mon, 09 Apr 18 14:34:23 +0700][ERROR] [2]: CssController handler class cannot be loaded

[Mon, 09 Apr 18 14:34:23 +0700][ERROR] [2]: CssController handler class cannot be loaded

[Mon, 09 Apr 18 14:34:32 +0700][ERROR] [2]: CssController handler class cannot be loaded

[Mon, 09 Apr 18 14:34:32 +0700][ERROR] [2]: CssController handler class cannot be loaded

[Mon, 09 Apr 18 14:35:07 +0700][ERROR] [2]: CssController handler class cannot be loaded

[Mon, 09 Apr 18 14:35:07 +0700][ERROR] [2]: CssController handler class cannot be loaded

[Mon, 09 Apr 18 14:35:17 +0700][ERROR] [2]: CssController handler class cannot be loaded

[Mon, 09 Apr 18 14:35:17 +0700][ERROR] [2]: CssController handler class cannot be loaded

[Mon, 09 Apr 18 14:35:23 +0700][ERROR] [2]: CssController handler class cannot be loaded

[Mon, 09 Apr 18 14:35:23 +0700][ERROR] [2]: CssController handler class cannot be loaded

[Mon, 09 Apr 18 14:37:11 +0700][ERROR] [2]: CssController handler class cannot be loaded

[Mon, 09 Apr 18 14:37:11 +0700][ERROR] [2]: CssController handler class cannot be loaded

[Mon, 09 Apr 18 14:37:23 +0700][ERROR] [2]: CssController handler class cannot be loaded

[Mon, 09 Apr 18 14:37:23 +0700][ERROR] [2]: CssController handler class cannot be loaded

[Mon, 09 Apr 18 14:37:32 +0700][ERROR] [2]: CssController handler class cannot be loaded

[Mon, 09 Apr 18 14:37:32 +0700][ERROR] [2]: CssController handler class cannot be loaded

[Mon, 09 Apr 18 14:37:32 +0700][ERROR] [2]: CssController handler class cannot be loaded

[Mon, 09 Apr 18 14:37:32 +0700][ERROR] [2]: CssController handler class cannot be loaded

[Mon, 09 Apr 18 14:37:59 +0700][ERROR] [2]: CssController handler class cannot be loaded

[Mon, 09 Apr 18 14:37:59 +0700][ERROR] [2]: CssController handler class cannot be loaded

[Mon, 09 Apr 18 14:38:06 +0700][ERROR] [2]: CssController handler class cannot be loaded

[Mon, 09 Apr 18 14:38:06 +0700][ERROR] [2]: CssController handler class cannot be loaded

[Mon, 09 Apr 18 14:38:29 +0700][ERROR] [2]: CssController handler class cannot be loaded

[Mon, 09 Apr 18 14:38:29 +0700][ERROR] [2]: CssController handler class cannot be loaded

[Mon, 09 Apr 18 14:39:17 +0700][ERROR] [2]: CssController handler class cannot be loaded

[Mon, 09 Apr 18 14:39:17 +0700][ERROR] [2]: CssController handler class cannot be loaded

[Mon, 09 Apr 18 14:39:59 +0700][ERROR] [2]: CssController handler class cannot be loaded

[Mon, 09 Apr 18 14:39:59 +0700][ERROR] [2]: CssController handler class cannot be loaded

[Mon, 09 Apr 18 14:40:17 +0700][ERROR] [2]: CssController handler class cannot be loaded

[Mon, 09 Apr 18 14:40:17 +0700][ERROR] [2]: CssController handler class cannot be loaded

[Mon, 09 Apr 18 14:40:22 +0700][ERROR] [2]: CssController handler class cannot be loaded

[Mon, 09 Apr 18 14:40:22 +0700][ERROR] [2]: CssController handler class cannot be loaded

[Mon, 09 Apr 18 14:41:33 +0700][ERROR] [2]: CssController handler class cannot be loaded

[Mon, 09 Apr 18 14:41:33 +0700][ERROR] [2]: CssController handler class cannot be loaded

[Mon, 09 Apr 18 14:41:55 +0700][ERROR] [2]: CssController handler class cannot be loaded

[Mon, 09 Apr 18 14:41:55 +0700][ERROR] [2]: CssController handler class cannot be loaded

[Mon, 09 Apr 18 14:42:06 +0700][ERROR] [2]: CssController handler class cannot be loaded

[Mon, 09 Apr 18 14:42:06 +0700][ERROR] [2]: CssController handler class cannot be loaded

[Mon, 09 Apr 18 14:42:39 +0700][ERROR] [2]: CssController handler class cannot be loaded

[Mon, 09 Apr 18 14:42:39 +0700][ERROR] [2]: CssController handler class cannot be loaded

[Mon, 09 Apr 18 14:42:44 +0700][ERROR] [2]: CssController handler class cannot be loaded

[Mon, 09 Apr 18 14:42:44 +0700][ERROR] [2]: CssController handler class cannot be loaded

